                        .module alarm_message.c
                        .area text(rom, con, rel)
 0000                   .dbfile ..\encoder_uart_v4\alarm_message.c
 0000                   .dbfile C:\Users\acer\Desktop\神龙\encoder_uart_v4\alarm_message.c
 0000                   .dbfunc e clean_data _clean_data fV
 0000           ;              i -> R16,R17
                        .even
 0000           _clean_data::
 0000                   .dbline -1
 0000                   .dbline 15
 0000           ; #include<iom128v.h>
 0000           ; #include "gps.h"
 0000           ; #include "alarm_message.h"
 0000           ; #include "encoder.h"
 0000           ; #include "data_get.h"
 0000           ; #include "sim900a.h"
 0000           ; #include "usart0.h"
 0000           ; 
 0000           ; extern unsigned char data[3000];
 0000           ; extern nmea_msg gpsx;                 
 0000           ; 
 0000           ; extern unsigned char longitude[50];
 0000           ; 
 0000           ; void clean_data()
 0000           ; {
 0000                   .dbline 17
 0000           ;   unsigned int i;
 0000           ;   for(i=0;i<2999;i++)
 0000 0027              clr R16
 0002 1127              clr R17
 0004 09C0              xjmp L13
 0006           L10:
 0006                   .dbline 18
 0006           ;     data[i]=0;
 0006 80E0              ldi R24,<_data
 0008 90E0              ldi R25,>_data
 000A F801              movw R30,R16
 000C E80F              add R30,R24
 000E F91F              adc R31,R25
 0010 2224              clr R2
 0012 2082              std z+0,R2
 0014           L11:
 0014                   .dbline 17
 0014 0F5F              subi R16,255  ; offset = 1
 0016 1F4F              sbci R17,255
 0018           L13:
 0018                   .dbline 17
 0018 073B              cpi R16,183
 001A EBE0              ldi R30,11
 001C 1E07              cpc R17,R30
 001E 98F3              brlo L10
 0020           X0:
 0020                   .dbline -2
 0020           L9:
 0020                   .dbline 0 ; func end
 0020 0895              ret
 0022                   .dbsym r i 16 i
 0022                   .dbend
 0022                   .dbfunc e data_get _data_get fV
 0022           ;              n -> R20,R21
                        .even
 0022           _data_get::
 0022 4A93              st -y,R20
 0024 5A93              st -y,R21
 0026                   .dbline -1
 0026                   .dbline 22
 0026           ; }
 0026           ; 
 0026           ; void data_get()
 0026           ; {
 0026                   .dbline 24
 0026           ;   unsigned int n;
 0026           ;   for(n=0;n<2999;n++)
 0026 4427              clr R20
 0028 5527              clr R21
 002A 0AC0              xjmp L18
 002C           L15:
 002C                   .dbline 25
 002C           ;     data[n]=uart0_receive();
 002C 0E940000          xcall _uart0_receive
 0030 80E0              ldi R24,<_data
 0032 90E0              ldi R25,>_data
 0034 FA01              movw R30,R20
 0036 E80F              add R30,R24
 0038 F91F              adc R31,R25
 003A 0083              std z+0,R16
 003C           L16:
 003C                   .dbline 24
 003C 4F5F              subi R20,255  ; offset = 1
 003E 5F4F              sbci R21,255
 0040           L18:
 0040                   .dbline 24
 0040 473B              cpi R20,183
 0042 EBE0              ldi R30,11
 0044 5E07              cpc R21,R30
 0046 90F3              brlo L15
 0048           X1:
 0048                   .dbline -2
 0048           L14:
 0048                   .dbline 0 ; func end
 0048 5991              ld R21,y+
 004A 4991              ld R20,y+
 004C 0895              ret
 004E                   .dbsym r n 20 i
 004E                   .dbend
 004E                   .dbfunc e alarm_mes _alarm_mes fV
 004E           ;              n -> <dead>
                        .even
 004E           _alarm_mes::
 004E                   .dbline -1
 004E                   .dbline 29
 004E           ; }
 004E           ; 
 004E           ; void alarm_mes()
 004E           ; {
 004E                   .dbline 31
 004E           ;    unsigned int n;
 004E           ;       data_get();
 004E E9DF              xcall _data_get
 0050                   .dbline 32
 0050           ;       GPS_Analysis(&gpsx,(unsigned char*)data);//分析字符串
 0050 20E0              ldi R18,<_data
 0052 30E0              ldi R19,>_data
 0054 00E0              ldi R16,<_gpsx
 0056 10E0              ldi R17,>_gpsx
 0058 0E940000          xcall _GPS_Analysis
 005C                   .dbline 33
 005C           ;       Gps_Msg_Show();                         //显示信息      
 005C 0E940000          xcall _Gps_Msg_Show
 0060                   .dbline 34
 0060           ;       sim900a_sms_test();
 0060 0E940000          xcall _sim900a_sms_test
 0064                   .dbline 35
 0064           ;       clean_data();
 0064                   .dbline -2
 0064           L19:
 0064                   .dbline 0 ; func end
 0064 CDCF              xjmp _clean_data
 0066                   .dbsym l n 1 i
 0066                   .dbend
 0066           ; }
