                        .module data_get2.c
                        .area text(rom, con, rel)
 0000                   .dbfile ..\encoder_uart_v4\data_get2.c
 0000                   .dbfile C:\Users\acer\Desktop\ÉñÁú\encoder_uart_v4\data_get2.c
 0000                   .dbfunc e clean_data _clean_data fV
 0000           ;              i -> R16,R17
                        .even
 0000           _clean_data::
 0000                   .dbline -1
 0000                   .dbline 7
 0000           ; #include <iom128v.h>
 0000           ; #include "data_get.h"
 0000           ; #include "usart0.h"
 0000           ; extern unsigned char data[2000];
 0000           ; extern unsigned char data_rec_done_flag;
 0000           ; void clean_data()
 0000           ; {
 0000                   .dbline 9
 0000           ;   unsigned int i;
 0000           ;   for(i=0;i<2000;i++)
 0000 0027              clr R16
 0002 1127              clr R17
 0004 09C0              xjmp L5
 0006           L2:
 0006                   .dbline 10
 0006           ;     data[i]=0;
 0006 80E0              ldi R24,<_data
 0008 90E0              ldi R25,>_data
 000A F801              movw R30,R16
 000C E80F              add R30,R24
 000E F91F              adc R31,R25
 0010 2224              clr R2
 0012 2082              std z+0,R2
 0014           L3:
 0014                   .dbline 9
 0014 0F5F              subi R16,255  ; offset = 1
 0016 1F4F              sbci R17,255
 0018           L5:
 0018                   .dbline 9
 0018 003D              cpi R16,208
 001A E7E0              ldi R30,7
 001C 1E07              cpc R17,R30
 001E 98F3              brlo L2
 0020           X0:
 0020                   .dbline -2
 0020           L1:
 0020                   .dbline 0 ; func end
 0020 0895              ret
 0022                   .dbsym r i 16 i
 0022                   .dbend
 0022           ; }
 0022           ; 
