                        .module pwm.c
                        .area text(rom, con, rel)
 0000                   .dbfile ..\encoder_uart_v4\pwm.c
 0000                   .dbfile C:\Users\acer\Desktop\神龙\encoder_uart_v4\pwm.c
 0000                   .dbfunc e io_init _io_init fV
                        .even
 0000           _io_init::
 0000                   .dbline -1
 0000                   .dbline 5
 0000           ; #include"pwm.h"
 0000           ; 
 0000           ; 
 0000           ; void io_init(void)
 0000           ; {
 0000                   .dbline 6
 0000           ;   DDRE=0xFF;
 0000 8FEF              ldi R24,255
 0002 82B9              out 0x2,R24
 0004                   .dbline 7
 0004           ;   DDRA=0xff;
 0004 8ABB              out 0x1a,R24
 0006                   .dbline 8
 0006           ;   DDRD=0xff;
 0006 81BB              out 0x11,R24
 0008                   .dbline 9
 0008           ;   DDRD&=~(1<<2);
 0008 8A98              cbi 0x11,2
 000A                   .dbline 10
 000A           ;   PORTD|=(1<<2);
 000A 929A              sbi 0x12,2
 000C                   .dbline -2
 000C           L1:
 000C                   .dbline 0 ; func end
 000C 0895              ret
 000E                   .dbend
 000E                   .dbfunc e t3_init _t3_init fV
                        .even
 000E           _t3_init::
 000E                   .dbline -1
 000E                   .dbline 20
 000E           ; }
 000E           ; 
 000E           ; /************************************
 000E           ; 函数名 :     t3_init
 000E           ; 功能 :       t3定时初始化 ,8位快速PWM模式 ,无分频，OCR1A/B范围0-255
 000E           ; 输入参数 :   无
 000E           ; 返回参数 :   无
 000E           ; *************************************/
 000E           ; void t3_init(void)
 000E           ; {
 000E                   .dbline 21
 000E           ;    TCCR3A |=0xa9;//10101001
 000E 80918B00          lds R24,139
 0012 896A              ori R24,169
 0014 80938B00          sts 139,R24
 0018                   .dbline 22
 0018           ;    TCCR3B |=0x09;//00001001
 0018 80918A00          lds R24,138
 001C 8960              ori R24,9
 001E 80938A00          sts 138,R24
 0022                   .dbline 23
 0022           ;    OCR3A=0;
 0022 2224              clr R2
 0024 3324              clr R3
 0026 30928700          sts 134+1,R3
 002A 20928600          sts 134,R2
 002E                   .dbline 24
 002E           ;    OCR3B=0;
 002E 30928500          sts 132+1,R3
 0032 20928400          sts 132,R2
 0036                   .dbline -2
 0036           L2:
 0036                   .dbline 0 ; func end
 0036 0895              ret
 0038                   .dbend
 0038           ; }
